2023-11-17 15:33:53,765 INFO  [main] (AdminServlet.java:52) Initializing Webswing Admin Server...
2023-11-17 15:33:54,003 INFO  [main] (AdminInitializer.java:20) Using Temp folder: C:\Users\piotr\Downloads\webswing-examples-eval-23.2.1-distribution\webswing-examples-eval-23.2.1\tmp\serveradmin\release
2023-11-17 15:33:54,005 INFO  [main] (AdminInitializer.java:24) Using Root folder: C:\Users\piotr\Downloads\webswing-examples-eval-23.2.1-distribution\webswing-examples-eval-23.2.1
2023-11-17 15:33:54,006 INFO  [main] (AdminInitializer.java:39) Auto-scaling config file not found. Ignoring. Make sure to provide auto-scaling config file if you want to use auto-scaling service in Webswing Cluster.
2023-11-17 15:33:54,006 INFO  [main] (AdminInitializer.java:65) Using Properties file: file:/C:/Users/piotr/Downloads/webswing-examples-eval-23.2.1-distribution/webswing-examples-eval-23.2.1/admin/webswing-admin.properties
2023-11-17 15:33:54,410 INFO  [main] (WebSocketUrlLoaderServiceImpl.java:129) Websocket URLs reloaded.
2023-11-17 15:33:54,417 WARN  [main] (AdminGlobalUrlHandler.java:70) Failed to load customize dir [customize/]
2023-11-17 15:33:54,421 INFO  [main] (StartupServiceImpl.java:29) Starting service AutoScalingConfigurationServiceImpl
2023-11-17 15:33:54,423 WARN  [main] (AutoScalingConfigurationProvider.java:197) Configuration file for auto-scaling does not exist, creating empty configuration in [C:\Users\piotr\Downloads\webswing-examples-eval-23.2.1-distribution\webswing-examples-eval-23.2.1\webswing-autoscaling.config]!
2023-11-17 15:33:54,450 INFO  [main] (StartupServiceImpl.java:29) Starting service AutoScalingServiceImpl
2023-11-17 15:33:54,486 INFO  [main] (StartupServiceImpl.java:29) Starting service AdminWebSocketServiceImpl
2023-11-17 15:33:54,489 INFO  [Admin Websocket Service Timer] (AdminWebSocketConnectionImpl.java:136) Starting websocket connection to server [ws://localhost:8080].
2023-11-17 15:33:54,567 INFO  [ tyrus-jdk-client-1] (AdminWebSocketConnectionImpl.java:74) Websocket opened to server [ws://localhost:8080]!
2023-11-17 15:33:54,659 ERROR [ tyrus-jdk-client-2] (AdminWebSocketConnectionImpl.java:123) Websocket closed to server [ws://localhost:8080], close code [1003], reason [An admin console is already connected!]!
2023-11-17 15:33:54,660 INFO  [ tyrus-jdk-client-2] (AdminWebSocketServiceImpl.java:399) Websocket closed to server id [null], url [ws://localhost:8080]. Reconnect in 5000ms.
2023-11-17 15:33:55,320 INFO  [main] (AdminWebSocketServiceImpl.java:442) Stopping service. Closing websocket connections.
2023-11-17 15:33:55,320 INFO  [main] (AdminWebSocketConnectionImpl.java:146) Disconnecting websocket to server [ws://localhost:8080].
2023-11-17 15:33:58,332 INFO  [main] (AdminServlet.java:145) Webswing Admin Server Stopped.
2023-11-17 15:35:22,412 INFO  [main] (AdminServlet.java:52) Initializing Webswing Admin Server...
2023-11-17 15:35:22,660 INFO  [main] (AdminInitializer.java:20) Using Temp folder: C:\Users\piotr\Downloads\webswing-examples-eval-23.2.1-distribution\webswing-examples-eval-23.2.1\tmp\serveradmin\release
2023-11-17 15:35:22,660 INFO  [main] (AdminInitializer.java:24) Using Root folder: C:\Users\piotr\Downloads\webswing-examples-eval-23.2.1-distribution\webswing-examples-eval-23.2.1
2023-11-17 15:35:22,661 INFO  [main] (AdminInitializer.java:35) Using Auto-scaling config file: file:/C:/Users/piotr/Downloads/webswing-examples-eval-23.2.1-distribution/webswing-examples-eval-23.2.1/webswing-autoscaling.config
2023-11-17 15:35:22,661 INFO  [main] (AdminInitializer.java:65) Using Properties file: file:/C:/Users/piotr/Downloads/webswing-examples-eval-23.2.1-distribution/webswing-examples-eval-23.2.1/admin/webswing-admin.properties
2023-11-17 15:35:23,071 INFO  [main] (WebSocketUrlLoaderServiceImpl.java:129) Websocket URLs reloaded.
2023-11-17 15:35:23,077 WARN  [main] (AdminGlobalUrlHandler.java:70) Failed to load customize dir [customize/]
2023-11-17 15:35:23,082 INFO  [main] (StartupServiceImpl.java:29) Starting service AutoScalingConfigurationServiceImpl
2023-11-17 15:35:23,109 INFO  [main] (StartupServiceImpl.java:29) Starting service AutoScalingServiceImpl
2023-11-17 15:35:23,141 INFO  [main] (StartupServiceImpl.java:29) Starting service AdminWebSocketServiceImpl
2023-11-17 15:35:23,144 INFO  [Admin Websocket Service Timer] (AdminWebSocketConnectionImpl.java:136) Starting websocket connection to server [ws://localhost:8080].
2023-11-17 15:35:23,220 INFO  [ tyrus-jdk-client-1] (AdminWebSocketConnectionImpl.java:74) Websocket opened to server [ws://localhost:8080]!
2023-11-17 15:35:23,310 ERROR [ tyrus-jdk-client-2] (AdminWebSocketConnectionImpl.java:123) Websocket closed to server [ws://localhost:8080], close code [1003], reason [An admin console is already connected!]!
2023-11-17 15:35:23,311 INFO  [ tyrus-jdk-client-2] (AdminWebSocketServiceImpl.java:399) Websocket closed to server id [null], url [ws://localhost:8080]. Reconnect in 5000ms.
2023-11-17 15:35:23,854 INFO  [main] (AdminWebSocketServiceImpl.java:442) Stopping service. Closing websocket connections.
2023-11-17 15:35:23,855 INFO  [main] (AdminWebSocketConnectionImpl.java:146) Disconnecting websocket to server [ws://localhost:8080].
2023-11-17 15:35:26,870 INFO  [main] (AdminServlet.java:145) Webswing Admin Server Stopped.
2023-11-17 15:35:45,728 INFO  [main] (AdminServlet.java:52) Initializing Webswing Admin Server...
2023-11-17 15:35:45,954 INFO  [main] (AdminInitializer.java:20) Using Temp folder: C:\Users\piotr\Downloads\webswing-examples-eval-23.2.1-distribution\webswing-examples-eval-23.2.1\tmp\serveradmin\release
2023-11-17 15:35:45,955 INFO  [main] (AdminInitializer.java:24) Using Root folder: C:\Users\piotr\Downloads\webswing-examples-eval-23.2.1-distribution\webswing-examples-eval-23.2.1
2023-11-17 15:35:45,955 INFO  [main] (AdminInitializer.java:35) Using Auto-scaling config file: file:/C:/Users/piotr/Downloads/webswing-examples-eval-23.2.1-distribution/webswing-examples-eval-23.2.1/webswing-autoscaling.config
2023-11-17 15:35:45,956 INFO  [main] (AdminInitializer.java:65) Using Properties file: file:/C:/Users/piotr/Downloads/webswing-examples-eval-23.2.1-distribution/webswing-examples-eval-23.2.1/admin/webswing-admin.properties
2023-11-17 15:35:46,357 INFO  [main] (WebSocketUrlLoaderServiceImpl.java:129) Websocket URLs reloaded.
2023-11-17 15:35:46,364 WARN  [main] (AdminGlobalUrlHandler.java:70) Failed to load customize dir [customize/]
2023-11-17 15:35:46,369 INFO  [main] (StartupServiceImpl.java:29) Starting service AutoScalingConfigurationServiceImpl
2023-11-17 15:35:46,396 INFO  [main] (StartupServiceImpl.java:29) Starting service AutoScalingServiceImpl
2023-11-17 15:35:46,425 INFO  [main] (StartupServiceImpl.java:29) Starting service AdminWebSocketServiceImpl
2023-11-17 15:35:46,429 INFO  [Admin Websocket Service Timer] (AdminWebSocketConnectionImpl.java:136) Starting websocket connection to server [ws://localhost:8080].
2023-11-17 15:35:47,083 INFO  [ tyrus-jdk-client-1] (AdminWebSocketConnectionImpl.java:74) Websocket opened to server [ws://localhost:8080]!
2023-11-17 15:35:47,563 INFO  [ tyrus-jdk-client-2] (AdminGlobalUrlHandler.java:163) Installing application /webswing-demo
2023-11-17 15:35:47,620 INFO  [ tyrus-jdk-client-2] (AdminGlobalUrlHandler.java:163) Installing application /webswing-demo-applet
2023-11-17 15:35:47,620 INFO  [ tyrus-jdk-client-2] (AdminGlobalUrlHandler.java:163) Installing application /migration-examples
2023-11-17 15:35:47,621 INFO  [ tyrus-jdk-client-2] (AdminGlobalUrlHandler.java:163) Installing application /netbeans
2023-11-17 17:58:30,065 INFO  [main] (AdminServlet.java:52) Initializing Webswing Admin Server...
2023-11-17 17:58:30,297 INFO  [main] (AdminInitializer.java:20) Using Temp folder: C:\Users\piotr\Downloads\webswing-examples-eval-23.2.1-distribution\webswing-examples-eval-23.2.1\tmp\serveradmin\release
2023-11-17 17:58:30,297 INFO  [main] (AdminInitializer.java:24) Using Root folder: C:\Users\piotr\Downloads\webswing-examples-eval-23.2.1-distribution\webswing-examples-eval-23.2.1
2023-11-17 17:58:30,298 INFO  [main] (AdminInitializer.java:35) Using Auto-scaling config file: file:/C:/Users/piotr/Downloads/webswing-examples-eval-23.2.1-distribution/webswing-examples-eval-23.2.1/webswing-autoscaling.config
2023-11-17 17:58:30,298 INFO  [main] (AdminInitializer.java:65) Using Properties file: file:/C:/Users/piotr/Downloads/webswing-examples-eval-23.2.1-distribution/webswing-examples-eval-23.2.1/admin/webswing-admin.properties
2023-11-17 17:58:30,719 INFO  [main] (WebSocketUrlLoaderServiceImpl.java:129) Websocket URLs reloaded.
2023-11-17 17:58:30,725 WARN  [main] (AdminGlobalUrlHandler.java:70) Failed to load customize dir [customize/]
2023-11-17 17:58:30,730 INFO  [main] (StartupServiceImpl.java:29) Starting service AutoScalingConfigurationServiceImpl
2023-11-17 17:58:30,758 INFO  [main] (StartupServiceImpl.java:29) Starting service AutoScalingServiceImpl
2023-11-17 17:58:30,786 INFO  [main] (StartupServiceImpl.java:29) Starting service AdminWebSocketServiceImpl
2023-11-17 17:58:30,789 INFO  [Admin Websocket Service Timer] (AdminWebSocketConnectionImpl.java:136) Starting websocket connection to server [ws://localhost:8080].
2023-11-17 17:58:31,430 INFO  [ tyrus-jdk-client-1] (AdminWebSocketConnectionImpl.java:74) Websocket opened to server [ws://localhost:8080]!
2023-11-17 17:58:31,924 INFO  [ tyrus-jdk-client-2] (AdminGlobalUrlHandler.java:163) Installing application /webswing-demo
2023-11-17 17:58:31,981 INFO  [ tyrus-jdk-client-2] (AdminGlobalUrlHandler.java:163) Installing application /webswing-demo-applet
2023-11-17 17:58:31,982 INFO  [ tyrus-jdk-client-2] (AdminGlobalUrlHandler.java:163) Installing application /migration-examples
2023-11-17 17:58:31,982 INFO  [ tyrus-jdk-client-2] (AdminGlobalUrlHandler.java:163) Installing application /netbeans
2023-11-17 17:58:43,640 INFO  [ tyrus-jdk-client-3] (AdminGlobalUrlHandler.java:163) Installing application /firesignal
2023-11-17 18:09:50,343 INFO  [main] (AdminServlet.java:52) Initializing Webswing Admin Server...
2023-11-17 18:09:50,594 INFO  [main] (AdminInitializer.java:20) Using Temp folder: C:\Users\piotr\Downloads\webswing-examples-eval-23.2.1-distribution\webswing-examples-eval-23.2.1\tmp\serveradmin\release
2023-11-17 18:09:50,594 INFO  [main] (AdminInitializer.java:24) Using Root folder: C:\Users\piotr\Downloads\webswing-examples-eval-23.2.1-distribution\webswing-examples-eval-23.2.1
2023-11-17 18:09:50,595 INFO  [main] (AdminInitializer.java:35) Using Auto-scaling config file: file:/C:/Users/piotr/Downloads/webswing-examples-eval-23.2.1-distribution/webswing-examples-eval-23.2.1/webswing-autoscaling.config
2023-11-17 18:09:50,596 INFO  [main] (AdminInitializer.java:65) Using Properties file: file:/C:/Users/piotr/Downloads/webswing-examples-eval-23.2.1-distribution/webswing-examples-eval-23.2.1/admin/webswing-admin.properties
2023-11-17 18:09:51,042 INFO  [main] (WebSocketUrlLoaderServiceImpl.java:129) Websocket URLs reloaded.
2023-11-17 18:09:51,049 WARN  [main] (AdminGlobalUrlHandler.java:70) Failed to load customize dir [customize/]
2023-11-17 18:09:51,054 INFO  [main] (StartupServiceImpl.java:29) Starting service AutoScalingConfigurationServiceImpl
2023-11-17 18:09:51,086 INFO  [main] (StartupServiceImpl.java:29) Starting service AutoScalingServiceImpl
2023-11-17 18:09:51,119 INFO  [main] (StartupServiceImpl.java:29) Starting service AdminWebSocketServiceImpl
2023-11-17 18:09:51,122 INFO  [Admin Websocket Service Timer] (AdminWebSocketConnectionImpl.java:136) Starting websocket connection to server [ws://localhost:8080].
2023-11-17 18:09:52,276 INFO  [ tyrus-jdk-client-1] (AdminWebSocketConnectionImpl.java:74) Websocket opened to server [ws://localhost:8080]!
2023-11-17 18:09:52,535 INFO  [ tyrus-jdk-client-2] (AdminGlobalUrlHandler.java:163) Installing application /webswing-demo
2023-11-17 18:09:52,611 INFO  [ tyrus-jdk-client-2] (AdminGlobalUrlHandler.java:163) Installing application /webswing-demo-applet
2023-11-17 18:09:52,611 INFO  [ tyrus-jdk-client-2] (AdminGlobalUrlHandler.java:163) Installing application /migration-examples
2023-11-17 18:09:52,611 INFO  [ tyrus-jdk-client-2] (AdminGlobalUrlHandler.java:163) Installing application /netbeans
2023-11-17 18:09:52,612 INFO  [ tyrus-jdk-client-2] (AdminGlobalUrlHandler.java:163) Installing application /firesignal
2023-11-17 18:10:02,918 INFO  [ tyrus-jdk-client-2] (AdminGlobalUrlHandler.java:182) Removing application /webswing-demo
2023-11-17 18:10:04,972 INFO  [ tyrus-jdk-client-2] (AdminGlobalUrlHandler.java:182) Removing application /webswing-demo-applet
2023-11-17 18:10:06,746 INFO  [ tyrus-jdk-client-2] (AdminGlobalUrlHandler.java:182) Removing application /migration-examples
2023-11-17 18:10:08,764 INFO  [ tyrus-jdk-client-2] (AdminGlobalUrlHandler.java:182) Removing application /netbeans
